<?xml version="1.0" encoding="UTF-8" ?>
<testsuite tests="2" failures="1" name="TestSuite" time="0.65" errors="0" skipped="0">
  <properties>
[...]
</properties>
  <testcase classname="com.course.demo.TestDemo" name="testcase1" time="0.001"/>
  <testcase classname="com.course.demo.TestDemo" name="testcase2" time="0.008">
    <failure message="expected [2] but found [1]" type="java.lang.AssertionError">java.lang.AssertionError: expected [2] but found [1]
	at org.testng.Assert.fail(Assert.java:94)
	at org.testng.Assert.failNotEquals(Assert.java:513)
	at org.testng.Assert.assertEqualsImpl(Assert.java:135)
	at org.testng.Assert.assertEquals(Assert.java:116)
	at org.testng.Assert.assertEquals(Assert.java:389)
	at org.testng.Assert.assertEquals(Assert.java:399)
	at com.course.demo.TestDemo.testcase2(TestDemo.java:17)
</failure>
    <system-out>****** afterMethod 执行了 ******
****** beforeMethod 执行了 ******
****** 这是case2 ******
</system-out>
  </testcase>
</testsuite>